<?xml version="1.0" encoding="UTF-8"?>
<testsuite name="ContactsTest" tests="1" skipped="0" failures="1" errors="0" timestamp="2020-11-01T10:32:23" hostname="DESKTOP-0VRD21S" time="0.689">
  <properties/>
  <testcase name="start" classname="ContactsTest" time="0.689">
    <failure message="java.lang.AssertionError: Exception in test #6&#10;&#10;Probably you have nextInt() (or similar Scanner method) followed by nextLine() - in this situation nextLine() often gives an empty string and another one nextLine() call gives correct string.&#10;&#10;java.util.InputMismatchException&#13;&#10;&#9;at java.base/java.util.Scanner.throwFor(Scanner.java:939)&#13;&#10;&#9;at java.base/java.util.Scanner.next(Scanner.java:1594)&#13;&#10;&#9;at java.base/java.util.Scanner.nextInt(Scanner.java:2258)&#13;&#10;&#9;at java.base/java.util.Scanner.nextInt(Scanner.java:2212)&#13;&#10;&#9;at contacts.Main.editARecord(Main.java:170)&#13;&#10;&#9;at contacts.Main.main(Main.java:76)&#10;&#10;Please find below the output of your program during this failed test.&#10;Note that the '&gt;' character indicates the beginning of the input line.&#10;&#10;---&#10;&#10;[menu] Enter action (add, list, search, count, exit):&#10;&gt; add&#10;Enter the type (person, organization): &gt; person&#10;Enter the name: &gt; John&#10;Enter the surname: &gt; Smith&#10;Enter the birth date: &gt; &#10;Bad birth date!&#10;Enter the gender(M, F):&gt; &#10;Bad gender!&#10;Enter the number: &gt; 123 456 789&#10;The record added.&#10;&#10;[menu] Enter action (add, list, search, count, exit):&#10;&gt; list&#10;1. John Smith&#10;Enter index to show info: &gt; 1&#10;Name: John&#10;Surname: Smith&#10;Birth date: [no data]&#10;Gender: [no data]&#10;Number: 123 456 789&#10;Time created: 2020-11-01T21:32:24.507788500&#10;Time last edit: null&#10;&#10;[menu] Enter action (add, list, search, count, exit):&#10;[menu] Enter action (add, list, search, count, exit):&#10;&gt; edit&#10;1. John Smith&#10;Select a record:&#10;&gt; gender" type="java.lang.AssertionError">java.lang.AssertionError: Exception in test #6

Probably you have nextInt() (or similar Scanner method) followed by nextLine() - in this situation nextLine() often gives an empty string and another one nextLine() call gives correct string.

java.util.InputMismatchException
	at java.base/java.util.Scanner.throwFor(Scanner.java:939)
	at java.base/java.util.Scanner.next(Scanner.java:1594)
	at java.base/java.util.Scanner.nextInt(Scanner.java:2258)
	at java.base/java.util.Scanner.nextInt(Scanner.java:2212)
	at contacts.Main.editARecord(Main.java:170)
	at contacts.Main.main(Main.java:76)

Please find below the output of your program during this failed test.
Note that the '&gt;' character indicates the beginning of the input line.

---

[menu] Enter action (add, list, search, count, exit):
&gt; add
Enter the type (person, organization): &gt; person
Enter the name: &gt; John
Enter the surname: &gt; Smith
Enter the birth date: &gt; 
Bad birth date!
Enter the gender(M, F):&gt; 
Bad gender!
Enter the number: &gt; 123 456 789
The record added.

[menu] Enter action (add, list, search, count, exit):
&gt; list
1. John Smith
Enter index to show info: &gt; 1
Name: John
Surname: Smith
Birth date: [no data]
Gender: [no data]
Number: 123 456 789
Time created: 2020-11-01T21:32:24.507788500
Time last edit: null

[menu] Enter action (add, list, search, count, exit):
[menu] Enter action (add, list, search, count, exit):
&gt; edit
1. John Smith
Select a record:
&gt; gender
	at org.junit.Assert.fail(Assert.java:88)
	at org.hyperskill.hstest.stage.StageTest.start(StageTest.java:103)
	at java.base/jdk.internal.reflect.NativeMethodAccessorImpl.invoke0(Native Method)
	at java.base/jdk.internal.reflect.NativeMethodAccessorImpl.invoke(NativeMethodAccessorImpl.java:62)
	at java.base/jdk.internal.reflect.DelegatingMethodAccessorImpl.invoke(DelegatingMethodAccessorImpl.java:43)
	at java.base/java.lang.reflect.Method.invoke(Method.java:566)
	at org.junit.runners.model.FrameworkMethod$1.runReflectiveCall(FrameworkMethod.java:50)
	at org.junit.internal.runners.model.ReflectiveCallable.run(ReflectiveCallable.java:12)
	at org.junit.runners.model.FrameworkMethod.invokeExplosively(FrameworkMethod.java:47)
	at org.junit.internal.runners.statements.InvokeMethod.evaluate(InvokeMethod.java:17)
	at org.junit.runners.ParentRunner.runLeaf(ParentRunner.java:325)
	at org.junit.runners.BlockJUnit4ClassRunner.runChild(BlockJUnit4ClassRunner.java:78)
	at org.junit.runners.BlockJUnit4ClassRunner.runChild(BlockJUnit4ClassRunner.java:57)
	at org.junit.runners.ParentRunner$3.run(ParentRunner.java:290)
	at org.junit.runners.ParentRunner$1.schedule(ParentRunner.java:71)
	at org.junit.runners.ParentRunner.runChildren(ParentRunner.java:288)
	at org.junit.runners.ParentRunner.access$000(ParentRunner.java:58)
	at org.junit.runners.ParentRunner$2.evaluate(ParentRunner.java:268)
	at org.junit.runners.ParentRunner.run(ParentRunner.java:363)
	at org.gradle.api.internal.tasks.testing.junit.JUnitTestClassExecutor.runTestClass(JUnitTestClassExecutor.java:110)
	at org.gradle.api.internal.tasks.testing.junit.JUnitTestClassExecutor.execute(JUnitTestClassExecutor.java:58)
	at org.gradle.api.internal.tasks.testing.junit.JUnitTestClassExecutor.execute(JUnitTestClassExecutor.java:38)
	at org.gradle.api.internal.tasks.testing.junit.AbstractJUnitTestClassProcessor.processTestClass(AbstractJUnitTestClassProcessor.java:62)
	at org.gradle.api.internal.tasks.testing.SuiteTestClassProcessor.processTestClass(SuiteTestClassProcessor.java:51)
	at java.base/jdk.internal.reflect.NativeMethodAccessorImpl.invoke0(Native Method)
	at java.base/jdk.internal.reflect.NativeMethodAccessorImpl.invoke(NativeMethodAccessorImpl.java:62)
	at java.base/jdk.internal.reflect.DelegatingMethodAccessorImpl.invoke(DelegatingMethodAccessorImpl.java:43)
	at java.base/java.lang.reflect.Method.invoke(Method.java:566)
	at org.gradle.internal.dispatch.ReflectionDispatch.dispatch(ReflectionDispatch.java:36)
	at org.gradle.internal.dispatch.ReflectionDispatch.dispatch(ReflectionDispatch.java:24)
	at org.gradle.internal.dispatch.ContextClassLoaderDispatch.dispatch(ContextClassLoaderDispatch.java:33)
	at org.gradle.internal.dispatch.ProxyDispatchAdapter$DispatchingInvocationHandler.invoke(ProxyDispatchAdapter.java:94)
	at com.sun.proxy.$Proxy2.processTestClass(Unknown Source)
	at org.gradle.api.internal.tasks.testing.worker.TestWorker.processTestClass(TestWorker.java:119)
	at java.base/jdk.internal.reflect.NativeMethodAccessorImpl.invoke0(Native Method)
	at java.base/jdk.internal.reflect.NativeMethodAccessorImpl.invoke(NativeMethodAccessorImpl.java:62)
	at java.base/jdk.internal.reflect.DelegatingMethodAccessorImpl.invoke(DelegatingMethodAccessorImpl.java:43)
	at java.base/java.lang.reflect.Method.invoke(Method.java:566)
	at org.gradle.internal.dispatch.ReflectionDispatch.dispatch(ReflectionDispatch.java:36)
	at org.gradle.internal.dispatch.ReflectionDispatch.dispatch(ReflectionDispatch.java:24)
	at org.gradle.internal.remote.internal.hub.MessageHubBackedObjectConnection$DispatchWrapper.dispatch(MessageHubBackedObjectConnection.java:182)
	at org.gradle.internal.remote.internal.hub.MessageHubBackedObjectConnection$DispatchWrapper.dispatch(MessageHubBackedObjectConnection.java:164)
	at org.gradle.internal.remote.internal.hub.MessageHub$Handler.run(MessageHub.java:414)
	at org.gradle.internal.concurrent.ExecutorPolicy$CatchAndRecordFailures.onExecute(ExecutorPolicy.java:64)
	at org.gradle.internal.concurrent.ManagedExecutorImpl$1.run(ManagedExecutorImpl.java:48)
	at java.base/java.util.concurrent.ThreadPoolExecutor.runWorker(ThreadPoolExecutor.java:1128)
	at java.base/java.util.concurrent.ThreadPoolExecutor$Worker.run(ThreadPoolExecutor.java:628)
	at org.gradle.internal.concurrent.ThreadFactoryImpl$ManagedThreadRunnable.run(ThreadFactoryImpl.java:56)
	at java.base/java.lang.Thread.run(Thread.java:834)
</failure>
  </testcase>
  <system-out><![CDATA[?[1;31m
Start test 1?[0m
[menu] Enter action (add, list, search, count, exit):
> exit
?[1;31m
Start test 2?[0m
[menu] Enter action (add, list, search, count, exit):
> count
The Phone Book has 0 records.
[menu] Enter action (add, list, search, count, exit):
> exit
?[1;31m
Start test 3?[0m
[menu] Enter action (add, list, search, count, exit):
> add
Enter the type (person, organization): > person
Enter the name: > John
Enter the surname: > Smith
Enter the birth date: > 
Bad birth date!
Enter the gender(M, F):> 
Bad gender!
Enter the number: > 123 456 789
The record added.

[menu] Enter action (add, list, search, count, exit):
> count
The Phone Book has 1 records.
[menu] Enter action (add, list, search, count, exit):
> exit
?[1;31m
Start test 4?[0m
[menu] Enter action (add, list, search, count, exit):
> add
Enter the type (person, organization): > person
Enter the name: > John
Enter the surname: > Smith
Enter the birth date: > 
Bad birth date!
Enter the gender(M, F):> 
Bad gender!
Enter the number: > 123 456 789
The record added.

[menu] Enter action (add, list, search, count, exit):
> list
1. John Smith
Enter index to show info: > 1
Name: John
Surname: Smith
Birth date: [no data]
Gender: [no data]
Number: 123 456 789
Time created: 2020-11-01T21:32:24.279400400
Time last edit: null

[menu] Enter action (add, list, search, count, exit):
[menu] Enter action (add, list, search, count, exit):
> menu
[menu] Enter action (add, list, search, count, exit):
> exit
?[1;31m
Start test 5?[0m
[menu] Enter action (add, list, search, count, exit):
> add
Enter the type (person, organization): > organization
Enter the organization name:
> Pizza Shop
Enter the address:
> Wall St. 1
Enter the number:
> +0 (123) 456-789-9999
The record added.

[menu] Enter action (add, list, search, count, exit):
> list
1. Pizza Shop
Enter index to show info: > 1
Organization name: Pizza Shop
Address: Wall St. 1
Number: +0 (123) 456-789-9999
Time created: 2020-11-01T21:32:24.411048100
Time last edit: null

[menu] Enter action (add, list, search, count, exit):
[menu] Enter action (add, list, search, count, exit):
> menu
[menu] Enter action (add, list, search, count, exit):
> exit
?[1;31m
Start test 6?[0m
[menu] Enter action (add, list, search, count, exit):
> add
Enter the type (person, organization): > person
Enter the name: > John
Enter the surname: > Smith
Enter the birth date: > 
Bad birth date!
Enter the gender(M, F):> 
Bad gender!
Enter the number: > 123 456 789
The record added.

[menu] Enter action (add, list, search, count, exit):
> list
1. John Smith
Enter index to show info: > 1
Name: John
Surname: Smith
Birth date: [no data]
Gender: [no data]
Number: 123 456 789
Time created: 2020-11-01T21:32:24.507788500
Time last edit: null

[menu] Enter action (add, list, search, count, exit):
[menu] Enter action (add, list, search, count, exit):
> edit
1. John Smith
Select a record:
> gender
]]></system-out>
  <system-err><![CDATA[java.io.FileNotFoundException:  (The system cannot find the path specified)
	at java.base/java.io.FileOutputStream.open0(Native Method)
	at java.base/java.io.FileOutputStream.open(FileOutputStream.java:298)
	at java.base/java.io.FileOutputStream.<init>(FileOutputStream.java:237)
	at java.base/java.io.FileOutputStream.<init>(FileOutputStream.java:126)
	at contacts.Main.seialize(Main.java:157)
	at contacts.Main.main(Main.java:100)
	at java.base/jdk.internal.reflect.NativeMethodAccessorImpl.invoke0(Native Method)
	at java.base/jdk.internal.reflect.NativeMethodAccessorImpl.invoke(NativeMethodAccessorImpl.java:62)
	at java.base/jdk.internal.reflect.DelegatingMethodAccessorImpl.invoke(DelegatingMethodAccessorImpl.java:43)
	at java.base/java.lang.reflect.Method.invoke(Method.java:566)
	at org.hyperskill.hstest.testing.TestedProgram.invokeMain(TestedProgram.java:152)
	at org.hyperskill.hstest.testing.TestedProgram.lambda$start$0(TestedProgram.java:201)
	at java.base/java.util.concurrent.Executors$RunnableAdapter.call(Executors.java:515)
	at java.base/java.util.concurrent.FutureTask.run(FutureTask.java:264)
	at java.base/java.util.concurrent.ThreadPoolExecutor.runWorker(ThreadPoolExecutor.java:1128)
	at java.base/java.util.concurrent.ThreadPoolExecutor$Worker.run(ThreadPoolExecutor.java:628)
	at java.base/java.lang.Thread.run(Thread.java:834)
java.io.FileNotFoundException:  (The system cannot find the path specified)
	at java.base/java.io.FileOutputStream.open0(Native Method)
	at java.base/java.io.FileOutputStream.open(FileOutputStream.java:298)
	at java.base/java.io.FileOutputStream.<init>(FileOutputStream.java:237)
	at java.base/java.io.FileOutputStream.<init>(FileOutputStream.java:126)
	at contacts.Main.seialize(Main.java:157)
	at contacts.Main.main(Main.java:100)
	at java.base/jdk.internal.reflect.NativeMethodAccessorImpl.invoke0(Native Method)
	at java.base/jdk.internal.reflect.NativeMethodAccessorImpl.invoke(NativeMethodAccessorImpl.java:62)
	at java.base/jdk.internal.reflect.DelegatingMethodAccessorImpl.invoke(DelegatingMethodAccessorImpl.java:43)
	at java.base/java.lang.reflect.Method.invoke(Method.java:566)
	at org.hyperskill.hstest.testing.TestedProgram.invokeMain(TestedProgram.java:152)
	at org.hyperskill.hstest.testing.TestedProgram.lambda$start$0(TestedProgram.java:201)
	at java.base/java.util.concurrent.Executors$RunnableAdapter.call(Executors.java:515)
	at java.base/java.util.concurrent.FutureTask.run(FutureTask.java:264)
	at java.base/java.util.concurrent.ThreadPoolExecutor.runWorker(ThreadPoolExecutor.java:1128)
	at java.base/java.util.concurrent.ThreadPoolExecutor$Worker.run(ThreadPoolExecutor.java:628)
	at java.base/java.lang.Thread.run(Thread.java:834)
java.io.FileNotFoundException:  (The system cannot find the path specified)
	at java.base/java.io.FileOutputStream.open0(Native Method)
	at java.base/java.io.FileOutputStream.open(FileOutputStream.java:298)
	at java.base/java.io.FileOutputStream.<init>(FileOutputStream.java:237)
	at java.base/java.io.FileOutputStream.<init>(FileOutputStream.java:126)
	at contacts.Main.seialize(Main.java:157)
	at contacts.Main.main(Main.java:100)
	at java.base/jdk.internal.reflect.NativeMethodAccessorImpl.invoke0(Native Method)
	at java.base/jdk.internal.reflect.NativeMethodAccessorImpl.invoke(NativeMethodAccessorImpl.java:62)
	at java.base/jdk.internal.reflect.DelegatingMethodAccessorImpl.invoke(DelegatingMethodAccessorImpl.java:43)
	at java.base/java.lang.reflect.Method.invoke(Method.java:566)
	at org.hyperskill.hstest.testing.TestedProgram.invokeMain(TestedProgram.java:152)
	at org.hyperskill.hstest.testing.TestedProgram.lambda$start$0(TestedProgram.java:201)
	at java.base/java.util.concurrent.Executors$RunnableAdapter.call(Executors.java:515)
	at java.base/java.util.concurrent.FutureTask.run(FutureTask.java:264)
	at java.base/java.util.concurrent.ThreadPoolExecutor.runWorker(ThreadPoolExecutor.java:1128)
	at java.base/java.util.concurrent.ThreadPoolExecutor$Worker.run(ThreadPoolExecutor.java:628)
	at java.base/java.lang.Thread.run(Thread.java:834)
java.io.FileNotFoundException:  (The system cannot find the path specified)
	at java.base/java.io.FileOutputStream.open0(Native Method)
	at java.base/java.io.FileOutputStream.open(FileOutputStream.java:298)
	at java.base/java.io.FileOutputStream.<init>(FileOutputStream.java:237)
	at java.base/java.io.FileOutputStream.<init>(FileOutputStream.java:126)
	at contacts.Main.seialize(Main.java:157)
	at contacts.Main.main(Main.java:100)
	at java.base/jdk.internal.reflect.NativeMethodAccessorImpl.invoke0(Native Method)
	at java.base/jdk.internal.reflect.NativeMethodAccessorImpl.invoke(NativeMethodAccessorImpl.java:62)
	at java.base/jdk.internal.reflect.DelegatingMethodAccessorImpl.invoke(DelegatingMethodAccessorImpl.java:43)
	at java.base/java.lang.reflect.Method.invoke(Method.java:566)
	at org.hyperskill.hstest.testing.TestedProgram.invokeMain(TestedProgram.java:152)
	at org.hyperskill.hstest.testing.TestedProgram.lambda$start$0(TestedProgram.java:201)
	at java.base/java.util.concurrent.Executors$RunnableAdapter.call(Executors.java:515)
	at java.base/java.util.concurrent.FutureTask.run(FutureTask.java:264)
	at java.base/java.util.concurrent.ThreadPoolExecutor.runWorker(ThreadPoolExecutor.java:1128)
	at java.base/java.util.concurrent.ThreadPoolExecutor$Worker.run(ThreadPoolExecutor.java:628)
	at java.base/java.lang.Thread.run(Thread.java:834)
java.io.FileNotFoundException:  (The system cannot find the path specified)
	at java.base/java.io.FileOutputStream.open0(Native Method)
	at java.base/java.io.FileOutputStream.open(FileOutputStream.java:298)
	at java.base/java.io.FileOutputStream.<init>(FileOutputStream.java:237)
	at java.base/java.io.FileOutputStream.<init>(FileOutputStream.java:126)
	at contacts.Main.seialize(Main.java:157)
	at contacts.Main.main(Main.java:100)
	at java.base/jdk.internal.reflect.NativeMethodAccessorImpl.invoke0(Native Method)
	at java.base/jdk.internal.reflect.NativeMethodAccessorImpl.invoke(NativeMethodAccessorImpl.java:62)
	at java.base/jdk.internal.reflect.DelegatingMethodAccessorImpl.invoke(DelegatingMethodAccessorImpl.java:43)
	at java.base/java.lang.reflect.Method.invoke(Method.java:566)
	at org.hyperskill.hstest.testing.TestedProgram.invokeMain(TestedProgram.java:152)
	at org.hyperskill.hstest.testing.TestedProgram.lambda$start$0(TestedProgram.java:201)
	at java.base/java.util.concurrent.Executors$RunnableAdapter.call(Executors.java:515)
	at java.base/java.util.concurrent.FutureTask.run(FutureTask.java:264)
	at java.base/java.util.concurrent.ThreadPoolExecutor.runWorker(ThreadPoolExecutor.java:1128)
	at java.base/java.util.concurrent.ThreadPoolExecutor$Worker.run(ThreadPoolExecutor.java:628)
	at java.base/java.lang.Thread.run(Thread.java:834)
]]></system-err>
</testsuite>
